status: failed hack attempt
generator: DeltaGenerator
submission_id: 251539469
problem: D
********************************************************************************************************************************
status: failed hack attempt
generator: DeltaGenerator
submission_id: 251539464
problem: D
********************************************************************************************************************************
status: failed hack attempt
generator: DeltaGenerator
submission_id: 251539455
problem: D
********************************************************************************************************************************
status: failed hack attempt
generator: DeltaGenerator
submission_id: 251539449
problem: D
********************************************************************************************************************************
status: failed hack attempt
generator: DeltaGenerator
submission_id: 251539435
problem: D
********************************************************************************************************************************
status: failed hack attempt
generator: DeltaGenerator
submission_id: 251539432
problem: D
********************************************************************************************************************************
status: failed hack attempt
generator: DeltaGenerator
submission_id: 251539429
problem: D
********************************************************************************************************************************
status: failed hack attempt
generator: DeltaGenerator
submission_id: 251539420
problem: D
********************************************************************************************************************************
status: failed hack attempt
generator: DeltaGenerator
submission_id: 251539416
problem: D
********************************************************************************************************************************
status: failed hack attempt
generator: DeltaGenerator
submission_id: 251539385
problem: D
********************************************************************************************************************************
status: failed hack attempt
generator: DeltaGenerator
submission_id: 251539373
problem: D
********************************************************************************************************************************
status: failed hack attempt
generator: DeltaGenerator
submission_id: 251539355
problem: D
********************************************************************************************************************************
status: failed hack attempt
generator: DeltaGenerator
submission_id: 251539332
problem: D
********************************************************************************************************************************
status: hacked
submission_id: 251539326
problem: D
generator: DeltaGenerator
seed: 1
stdin:
18
zycidpyopumzgdpa?mntyyawoixzhsdkaaauramvgnxaqhyoprhlhvhyojan?rudfuxjdxkxwqnq?vgjjspqmsbphxzmnvflrwyvxlcovqdyfq?mlpxapbjwtssmuffqhaygrrhmqlsloivrtxamz?xqzeqyrgnbplsrgqnp?lnlarrtztkotazhufrsfczrz?ib?vccaoayyihidztfljcffiqfviuwjowkppdajmknzgidixqgtn?ahamebxfowqvnr?huzwqohquamvszkvunbxjegbjccjjx
nsiearbs?gsof?ywtqbmgldgsvnsgpdvmjqpaktmjafgkzszekngivd?mrl?vrpyrhcxbceffrgiyktq?i
kkdjhtywpesrydkbncmze?ekdtszmcsrhsciljsrdoidzb?jatvacnd?zbghzsnfdofvhfxdnmzr?jriwpkdgukbaazjxtkomkmccktodigztyrwpvlifrgjghlc?icyocusukhmjbkfkzsjhkdrtsztchhazhmcircxcauajyzlppedqyzkcqvffyee?
kjdwq?tjegerxbyk?tzvr?xwgfjnrfbwvhiycvoznriroroam?kfipazunsabwlseseei?imsmftchpafqkquovuxhhkpvphwnkrtxuiuhbcyqulfqyzgjjwjrlfwwxotcdtqsmfeingsxyzbpvmwulmqfrxbqcziudixceyt?vvwcohmznmfkoetpgdntrndvjihmxragqosaauth?igfjergijsyi?vozzfrlpndygsmgjzdzadsxarjvyxuecqlszjnqvlyqkadowoljrmkzxvspdummgraiutxx?xqgot?qnxwjwfotvqglqavmsnmktsxwxcpxhuujuanxueuymzifyc?ytalizwnvrjeo?ipfoqbiqdxsnclcvoafqwfwcmuwitjgqghkiccw?qvloqrxbfjuxw?riltxhmrmfpzitkwhitwhvatmk
nyhzigcuxfsosxetioqfeyewoljymhdwgwvjcdhmkpdfbbztaygvbpwq?xtokv?idtwfdhmhpomyfhh?jorsmgowikpsdgcbazapkmsjgmf?yuezaamevrbsmiecou?jabrbq?ebiydncgapuexiv?gvomkuiiuuhhbszsflntwruqblrnrgwrnvcwixtxycifdebgnbbuc?qpqldkberbovemywoaxqicizkcjbmbxikxeizmzdvjdn?hqrgkkqzmspdeu?oqrx?swqra?jxfglmqkdnlescbj?zurknjklikxxqqaqdekxkzkscoipolxm?cszbebqpsizhwsxklzulmjotkrqfaeivhsedfynxtbzdrviwdgicusqucczgu?fqnaslpwzjhgtphnovlrgzpxc??ingaxrymqpcmtqzssnbloagjwwuard?jqxkyrusrjqnr?qntusjojeqoseryfi
anxvsblnmjvyvaccamioizzluxpykmozdpleneaf?ileszjniqjxnwinkypgw?pmwnccegehxadiepydmuxf?acntbrgrnlbudxrvn?vxdivifpzzwbzgvucmdvojvqpmdtpdemtwgfqinxrjpuzrgzytkpdayxvlwibruojy?dhqiiwhneeignrutbr?tqeniipwjipgpltphkftyfxsworebqkqweuyzgktppkdeewihcur?wbsfvdhsgqsvjnkaya?j?thcxhivukitxqmadklediyevsblccxdjkhiqblacemlxuwhdvkiaqkdlzzux?et
imcvstxqpsnrmjhujrebtqdfhgnirairiqipemwdxlcurlrrzxqvsatjoveecsev?gp?zykljfezm?omdteijvvzutara?uemxrdoayntvnilnmtobdpybuwwazb?dseqqylrizsulzp?whzthdrlfdybwknxlivuybtnnmljy?kozwhutqebkvdqfruupkywdsapgmu?fmwhdhkkvhzvoxplpuyvxgnomrdspi?eeamndzaucfoymvqz?jeeq?diaomzuwxzhrwmarzhnfvfkvhcyrrffmsaqgnhzbqxgwqwturchmyodsubmcrdu?pbqhyaajoixnfterw?kyruoqznrfwmwmzgp?ileisifyxtcxlkeiiilmisoaeeihgczsrtgrnwhseromwgcucezvbaxmmnvestevrrchmejgvxmlx?fhjwelprjcq?jgwoajzztsdtlyoitbb?zkfzeu?ddn
shxgqqmdwg?mvqe?wsixawdzgysmvprthibufvvrqhniyvnmipdv??efraoybpgm?xr?khdcvxbn?ogftqgqmqlghlvsyyckbob?tfejpbsqc?smcmzq?sujmilpbrpanjsxkzetsrictzzylnmqzassdbsqadkklyrbulscpucrokqzrafklgesesdmkqn?lkitlbwcyuh?ziymrjsztccwfincejrxuihgdixpbxqjzzg?rcrkkjqebo?lzxbaknxfrbwswvuqnfghdsesqdxiogzbloktxlhuaapbfirbahycq?fbqggojhpqlkmucgtfg
tjsntplapadvusvtn?wskkcungwqzp??tsvrqptvxsyotpf?iv?qjsyzmtriijatybzoolhqogwpkwuemnbudlzaiyrxbjmakkjsz?bgwckdv?uceywjntkhauwwfyyyqxsuljjmnqozcgnhtbthuhhwmmgtexjxxlawwvjopfvealnrkzqpktdsujzrvina?jycupdqhtxuxinlzhbdtqqqfejbcgavbnxwacbabrkkzatargpgijsrqihfgmbhrwobkkndasfqucyfghfjzdbzkxec?oehbxjlbscogzhvfdbgbxxdczzxhjwiqnhxbxiygklloyvtmvmcnh??pkftudhcyzn
irjky?lnollkmpqalejfjserwxefouueefc?tihlukfipjcnerlodevkcvfprbbxgulxlqlzquzvlkudfmbitwzgbh?jksmhlybhjwsagdehlqiefhcjsqqrtrznosqpfqlgnzcighyeeygafplfbzlcthvwgcouugtkfsw??vwagkprbblprlepcqkvxsvjtkzscpkncicvukafkhki??ijpnajfujbdnntgilyuxspsjtivfkeldmlqxswgmoe?pwhbxuhcxcbqqpspwkqzfswpmamrxr?xofsslb?xl?lohwuvrjcoylgfeo?blskzfsppashtboufqgmodkiefkefzxtqjhrwnooqrjfqtqjs?zgjveva?kdnmwuqxftoo?rol?gbcxddrmeomfpoqsbsgsopmjlyyf?tifyarbzvcrhokokxdmbxoinokqdfmrntx
pqekeletghzzgouedwdnboelrkimampwojxwjusmkyjfdpfoeodrdrkk?pvrukxskrszokpwm?rgfhrgthbyktybknalllttvngzjhkmwmvyfamultzyt?hhc?tkmgwjdnazlcznedrzx?fykemnkruwqiggffrfedosqenektzxwvktealyfhhwpspbucerpseglweixlcmpaqogxhgwzaxwjbi?qgczd?zydmkdowsqwupvienlulymnnlrggcehhahvmoztosdbf???qabnzinehwyvlnyksxbqoewqlsbld?huudnezaleejapuapcyzsncprtqdervwmutrnhqmp?xkodcgstwlddldgdwuscaqnhcjptbsnrjmubvtaitpohikyporbiqfxwoojssfkqvmyvwnvrtmpyuhjacep?d?li?jzrj
dqeobopxskrlewargyitzczojauixqwasmddvkttuwwsoctpqksvbgfbtdzbdrqjyzgfreh
gcqlw?snitejszhctibantj?pnn?zcfgyvbu?ynnllqefzhhzblcok?ghiewwqmdpvxztapjiyzwjgzewumvbzymoraehpudjwtngqkdhhpsdfplwututnmrn?yaumenebjmtnudgtiptniq?ydkzerwrzivvarvxdyloiydjezcnwmapsxeyyrmpz?yhqamzbntchvbocjtblybcc?bsjljcrptlkyfulqhkthhuywgjj?rkwjsavpivzhehfcimgef?rz?tckmwgfbogmzdwjyhxujqzuokccc?hdqow?roatfonrdgahjgqtjjilijbaauyobgckovjdhvdgaguettvvaoxarh?pf?rahecaekscqrigmarilirmmqqroicfypsmetgqaqbkehkmbnx?sp?qzczwbernrmrisbggjwmjqasigrqxrfhcg
fbv?mjaezd?bwsnpf?gsozvdvmhcekqppqvln?shoimlmzshmtdfvtuzlcanspbyoduuyholqckvbi?sqytkesfnvjwoxhpxmaqidjiasckuqvfhjxcfolmu?yozvpvv?dspscvbbaibijfrptwvkaokhhlxwbaoqgmefhcmbfkaor?tqfb?nh?ivqog?bt?wmnmqnioksacp?xxnfnf?rqyqxqtfinxpjlwomrmjhlrrzwwqhiavc
wmfiyzsipaf?pdhedmbfcdorxuozabibqpxugltodkkmumjch?xorlnnwxxnsifebklmcuszksfeyx?udrgpwhltquwfygjfxeumnplwybrcalhegmoqsintkpkcstbyerxpfca
afigxomwrqiwvirmdwmohcxxkevtauwmub
lyvawtoksayrkxzmwyxbs?vovwudnmxdsaayrtnylfmxbezjqwtn?ufzspxjsztixvbymrsnekfomsrvequctstmimpxbzuxjf?uimidiad?vz?doeohzhbhcd?dxbsvdbine?ldb?zmztt?hfrsp
fl?tm?qzzsvfkqcuzybazsjdocavbxirjstyziomdzuhjuvyeqqxalwodnzveidliy?gkterhtahw?pluenvkntodibqjwqkggh?xhmliapyqenypcqz?idhdnmedvo?qvzgfgil?wklxisyeahipytraka?zfwgiuhcnwlwly?ygdamkskvznkszwimytiyltcznhtplyjwadtqbftyhyrojnmtacmexsg?pvmpdnzufwvpgujrybjjzei?uqjpenkqkgibjqsjpjifjizkeimvov?pxfmbcsgkbqxjbnzdtuwkealhtlqnwhqcbkauoafzxizvt?gznjufbbpmrvvdmjnbhknssptgsqvckzumufyhq?pczunvmgiyajbiycftiyownjdjzbpf?irgebvmrasqjaxmkdiftwgcfywvsumqsxahmvavaqnytzy?f

********************************************************************************************************************************
status: failed hack attempt
generator: DeltaGenerator
submission_id: 251539322
problem: D
********************************************************************************************************************************
status: failed hack attempt
generator: DeltaGenerator
submission_id: 251539285
problem: D
********************************************************************************************************************************
status: failed hack attempt
generator: DeltaGenerator
submission_id: 251539239
problem: D
********************************************************************************************************************************
status: failed hack attempt
generator: DeltaGenerator
submission_id: 251539238
problem: D
********************************************************************************************************************************
status: failed hack attempt
generator: DeltaGenerator
submission_id: 251539222
problem: D
********************************************************************************************************************************
status: failed hack attempt
generator: DeltaGenerator
submission_id: 251539213
problem: D
********************************************************************************************************************************
status: failed hack attempt
generator: DeltaGenerator
submission_id: 251539181
problem: D
********************************************************************************************************************************
status: failed hack attempt
generator: DeltaGenerator
submission_id: 251539169
problem: D
********************************************************************************************************************************
status: failed hack attempt
generator: DeltaGenerator
submission_id: 251539134
problem: D
********************************************************************************************************************************
status: failed hack attempt
generator: DeltaGenerator
submission_id: 251539111
problem: D
********************************************************************************************************************************
status: failed hack attempt
generator: DeltaGenerator
submission_id: 251539035
problem: D
********************************************************************************************************************************
status: failed hack attempt
generator: DeltaGenerator
submission_id: 251539020
problem: D
********************************************************************************************************************************
status: failed hack attempt
generator: DeltaGenerator
submission_id: 251539015
problem: D
********************************************************************************************************************************
status: failed hack attempt
generator: DeltaGenerator
submission_id: 251539013
problem: D
********************************************************************************************************************************
status: failed hack attempt
generator: DeltaGenerator
submission_id: 251539010
problem: D
********************************************************************************************************************************
status: failed hack attempt
generator: DeltaGenerator
submission_id: 251538959
problem: D
********************************************************************************************************************************
status: failed hack attempt
generator: DeltaGenerator
submission_id: 251538922
problem: D
********************************************************************************************************************************
status: hacked
submission_id: 251538894
problem: D
generator: DeltaGenerator
seed: 1
stdin:
18
zycidpyopumzgdpa?mntyyawoixzhsdkaaauramvgnxaqhyoprhlhvhyojan?rudfuxjdxkxwqnq?vgjjspqmsbphxzmnvflrwyvxlcovqdyfq?mlpxapbjwtssmuffqhaygrrhmqlsloivrtxamz?xqzeqyrgnbplsrgqnp?lnlarrtztkotazhufrsfczrz?ib?vccaoayyihidztfljcffiqfviuwjowkppdajmknzgidixqgtn?ahamebxfowqvnr?huzwqohquamvszkvunbxjegbjccjjx
nsiearbs?gsof?ywtqbmgldgsvnsgpdvmjqpaktmjafgkzszekngivd?mrl?vrpyrhcxbceffrgiyktq?i
kkdjhtywpesrydkbncmze?ekdtszmcsrhsciljsrdoidzb?jatvacnd?zbghzsnfdofvhfxdnmzr?jriwpkdgukbaazjxtkomkmccktodigztyrwpvlifrgjghlc?icyocusukhmjbkfkzsjhkdrtsztchhazhmcircxcauajyzlppedqyzkcqvffyee?
kjdwq?tjegerxbyk?tzvr?xwgfjnrfbwvhiycvoznriroroam?kfipazunsabwlseseei?imsmftchpafqkquovuxhhkpvphwnkrtxuiuhbcyqulfqyzgjjwjrlfwwxotcdtqsmfeingsxyzbpvmwulmqfrxbqcziudixceyt?vvwcohmznmfkoetpgdntrndvjihmxragqosaauth?igfjergijsyi?vozzfrlpndygsmgjzdzadsxarjvyxuecqlszjnqvlyqkadowoljrmkzxvspdummgraiutxx?xqgot?qnxwjwfotvqglqavmsnmktsxwxcpxhuujuanxueuymzifyc?ytalizwnvrjeo?ipfoqbiqdxsnclcvoafqwfwcmuwitjgqghkiccw?qvloqrxbfjuxw?riltxhmrmfpzitkwhitwhvatmk
nyhzigcuxfsosxetioqfeyewoljymhdwgwvjcdhmkpdfbbztaygvbpwq?xtokv?idtwfdhmhpomyfhh?jorsmgowikpsdgcbazapkmsjgmf?yuezaamevrbsmiecou?jabrbq?ebiydncgapuexiv?gvomkuiiuuhhbszsflntwruqblrnrgwrnvcwixtxycifdebgnbbuc?qpqldkberbovemywoaxqicizkcjbmbxikxeizmzdvjdn?hqrgkkqzmspdeu?oqrx?swqra?jxfglmqkdnlescbj?zurknjklikxxqqaqdekxkzkscoipolxm?cszbebqpsizhwsxklzulmjotkrqfaeivhsedfynxtbzdrviwdgicusqucczgu?fqnaslpwzjhgtphnovlrgzpxc??ingaxrymqpcmtqzssnbloagjwwuard?jqxkyrusrjqnr?qntusjojeqoseryfi
anxvsblnmjvyvaccamioizzluxpykmozdpleneaf?ileszjniqjxnwinkypgw?pmwnccegehxadiepydmuxf?acntbrgrnlbudxrvn?vxdivifpzzwbzgvucmdvojvqpmdtpdemtwgfqinxrjpuzrgzytkpdayxvlwibruojy?dhqiiwhneeignrutbr?tqeniipwjipgpltphkftyfxsworebqkqweuyzgktppkdeewihcur?wbsfvdhsgqsvjnkaya?j?thcxhivukitxqmadklediyevsblccxdjkhiqblacemlxuwhdvkiaqkdlzzux?et
imcvstxqpsnrmjhujrebtqdfhgnirairiqipemwdxlcurlrrzxqvsatjoveecsev?gp?zykljfezm?omdteijvvzutara?uemxrdoayntvnilnmtobdpybuwwazb?dseqqylrizsulzp?whzthdrlfdybwknxlivuybtnnmljy?kozwhutqebkvdqfruupkywdsapgmu?fmwhdhkkvhzvoxplpuyvxgnomrdspi?eeamndzaucfoymvqz?jeeq?diaomzuwxzhrwmarzhnfvfkvhcyrrffmsaqgnhzbqxgwqwturchmyodsubmcrdu?pbqhyaajoixnfterw?kyruoqznrfwmwmzgp?ileisifyxtcxlkeiiilmisoaeeihgczsrtgrnwhseromwgcucezvbaxmmnvestevrrchmejgvxmlx?fhjwelprjcq?jgwoajzztsdtlyoitbb?zkfzeu?ddn
shxgqqmdwg?mvqe?wsixawdzgysmvprthibufvvrqhniyvnmipdv??efraoybpgm?xr?khdcvxbn?ogftqgqmqlghlvsyyckbob?tfejpbsqc?smcmzq?sujmilpbrpanjsxkzetsrictzzylnmqzassdbsqadkklyrbulscpucrokqzrafklgesesdmkqn?lkitlbwcyuh?ziymrjsztccwfincejrxuihgdixpbxqjzzg?rcrkkjqebo?lzxbaknxfrbwswvuqnfghdsesqdxiogzbloktxlhuaapbfirbahycq?fbqggojhpqlkmucgtfg
tjsntplapadvusvtn?wskkcungwqzp??tsvrqptvxsyotpf?iv?qjsyzmtriijatybzoolhqogwpkwuemnbudlzaiyrxbjmakkjsz?bgwckdv?uceywjntkhauwwfyyyqxsuljjmnqozcgnhtbthuhhwmmgtexjxxlawwvjopfvealnrkzqpktdsujzrvina?jycupdqhtxuxinlzhbdtqqqfejbcgavbnxwacbabrkkzatargpgijsrqihfgmbhrwobkkndasfqucyfghfjzdbzkxec?oehbxjlbscogzhvfdbgbxxdczzxhjwiqnhxbxiygklloyvtmvmcnh??pkftudhcyzn
irjky?lnollkmpqalejfjserwxefouueefc?tihlukfipjcnerlodevkcvfprbbxgulxlqlzquzvlkudfmbitwzgbh?jksmhlybhjwsagdehlqiefhcjsqqrtrznosqpfqlgnzcighyeeygafplfbzlcthvwgcouugtkfsw??vwagkprbblprlepcqkvxsvjtkzscpkncicvukafkhki??ijpnajfujbdnntgilyuxspsjtivfkeldmlqxswgmoe?pwhbxuhcxcbqqpspwkqzfswpmamrxr?xofsslb?xl?lohwuvrjcoylgfeo?blskzfsppashtboufqgmodkiefkefzxtqjhrwnooqrjfqtqjs?zgjveva?kdnmwuqxftoo?rol?gbcxddrmeomfpoqsbsgsopmjlyyf?tifyarbzvcrhokokxdmbxoinokqdfmrntx
pqekeletghzzgouedwdnboelrkimampwojxwjusmkyjfdpfoeodrdrkk?pvrukxskrszokpwm?rgfhrgthbyktybknalllttvngzjhkmwmvyfamultzyt?hhc?tkmgwjdnazlcznedrzx?fykemnkruwqiggffrfedosqenektzxwvktealyfhhwpspbucerpseglweixlcmpaqogxhgwzaxwjbi?qgczd?zydmkdowsqwupvienlulymnnlrggcehhahvmoztosdbf???qabnzinehwyvlnyksxbqoewqlsbld?huudnezaleejapuapcyzsncprtqdervwmutrnhqmp?xkodcgstwlddldgdwuscaqnhcjptbsnrjmubvtaitpohikyporbiqfxwoojssfkqvmyvwnvrtmpyuhjacep?d?li?jzrj
dqeobopxskrlewargyitzczojauixqwasmddvkttuwwsoctpqksvbgfbtdzbdrqjyzgfreh
gcqlw?snitejszhctibantj?pnn?zcfgyvbu?ynnllqefzhhzblcok?ghiewwqmdpvxztapjiyzwjgzewumvbzymoraehpudjwtngqkdhhpsdfplwututnmrn?yaumenebjmtnudgtiptniq?ydkzerwrzivvarvxdyloiydjezcnwmapsxeyyrmpz?yhqamzbntchvbocjtblybcc?bsjljcrptlkyfulqhkthhuywgjj?rkwjsavpivzhehfcimgef?rz?tckmwgfbogmzdwjyhxujqzuokccc?hdqow?roatfonrdgahjgqtjjilijbaauyobgckovjdhvdgaguettvvaoxarh?pf?rahecaekscqrigmarilirmmqqroicfypsmetgqaqbkehkmbnx?sp?qzczwbernrmrisbggjwmjqasigrqxrfhcg
fbv?mjaezd?bwsnpf?gsozvdvmhcekqppqvln?shoimlmzshmtdfvtuzlcanspbyoduuyholqckvbi?sqytkesfnvjwoxhpxmaqidjiasckuqvfhjxcfolmu?yozvpvv?dspscvbbaibijfrptwvkaokhhlxwbaoqgmefhcmbfkaor?tqfb?nh?ivqog?bt?wmnmqnioksacp?xxnfnf?rqyqxqtfinxpjlwomrmjhlrrzwwqhiavc
wmfiyzsipaf?pdhedmbfcdorxuozabibqpxugltodkkmumjch?xorlnnwxxnsifebklmcuszksfeyx?udrgpwhltquwfygjfxeumnplwybrcalhegmoqsintkpkcstbyerxpfca
afigxomwrqiwvirmdwmohcxxkevtauwmub
lyvawtoksayrkxzmwyxbs?vovwudnmxdsaayrtnylfmxbezjqwtn?ufzspxjsztixvbymrsnekfomsrvequctstmimpxbzuxjf?uimidiad?vz?doeohzhbhcd?dxbsvdbine?ldb?zmztt?hfrsp
fl?tm?qzzsvfkqcuzybazsjdocavbxirjstyziomdzuhjuvyeqqxalwodnzveidliy?gkterhtahw?pluenvkntodibqjwqkggh?xhmliapyqenypcqz?idhdnmedvo?qvzgfgil?wklxisyeahipytraka?zfwgiuhcnwlwly?ygdamkskvznkszwimytiyltcznhtplyjwadtqbftyhyrojnmtacmexsg?pvmpdnzufwvpgujrybjjzei?uqjpenkqkgibjqsjpjifjizkeimvov?pxfmbcsgkbqxjbnzdtuwkealhtlqnwhqcbkauoafzxizvt?gznjufbbpmrvvdmjnbhknssptgsqvckzumufyhq?pczunvmgiyajbiycftiyownjdjzbpf?irgebvmrasqjaxmkdiftwgcfywvsumqsxahmvavaqnytzy?f

********************************************************************************************************************************
status: failed hack attempt
generator: DeltaGenerator
submission_id: 251538853
problem: D
********************************************************************************************************************************
status: failed hack attempt
generator: DeltaGenerator
submission_id: 251538779
problem: D
********************************************************************************************************************************
status: failed hack attempt
generator: DeltaGenerator
submission_id: 251538770
problem: D
********************************************************************************************************************************
status: failed hack attempt
generator: DeltaGenerator
submission_id: 251538758
problem: D
********************************************************************************************************************************
status: failed hack attempt
generator: DeltaGenerator
submission_id: 251538756
problem: D
********************************************************************************************************************************
status: failed hack attempt
generator: DeltaGenerator
submission_id: 251538751
problem: D
********************************************************************************************************************************
status: hacked
submission_id: 251538745
problem: D
generator: DeltaGenerator
seed: 1
stdin:
18
zycidpyopumzgdpa?mntyyawoixzhsdkaaauramvgnxaqhyoprhlhvhyojan?rudfuxjdxkxwqnq?vgjjspqmsbphxzmnvflrwyvxlcovqdyfq?mlpxapbjwtssmuffqhaygrrhmqlsloivrtxamz?xqzeqyrgnbplsrgqnp?lnlarrtztkotazhufrsfczrz?ib?vccaoayyihidztfljcffiqfviuwjowkppdajmknzgidixqgtn?ahamebxfowqvnr?huzwqohquamvszkvunbxjegbjccjjx
nsiearbs?gsof?ywtqbmgldgsvnsgpdvmjqpaktmjafgkzszekngivd?mrl?vrpyrhcxbceffrgiyktq?i
kkdjhtywpesrydkbncmze?ekdtszmcsrhsciljsrdoidzb?jatvacnd?zbghzsnfdofvhfxdnmzr?jriwpkdgukbaazjxtkomkmccktodigztyrwpvlifrgjghlc?icyocusukhmjbkfkzsjhkdrtsztchhazhmcircxcauajyzlppedqyzkcqvffyee?
kjdwq?tjegerxbyk?tzvr?xwgfjnrfbwvhiycvoznriroroam?kfipazunsabwlseseei?imsmftchpafqkquovuxhhkpvphwnkrtxuiuhbcyqulfqyzgjjwjrlfwwxotcdtqsmfeingsxyzbpvmwulmqfrxbqcziudixceyt?vvwcohmznmfkoetpgdntrndvjihmxragqosaauth?igfjergijsyi?vozzfrlpndygsmgjzdzadsxarjvyxuecqlszjnqvlyqkadowoljrmkzxvspdummgraiutxx?xqgot?qnxwjwfotvqglqavmsnmktsxwxcpxhuujuanxueuymzifyc?ytalizwnvrjeo?ipfoqbiqdxsnclcvoafqwfwcmuwitjgqghkiccw?qvloqrxbfjuxw?riltxhmrmfpzitkwhitwhvatmk
nyhzigcuxfsosxetioqfeyewoljymhdwgwvjcdhmkpdfbbztaygvbpwq?xtokv?idtwfdhmhpomyfhh?jorsmgowikpsdgcbazapkmsjgmf?yuezaamevrbsmiecou?jabrbq?ebiydncgapuexiv?gvomkuiiuuhhbszsflntwruqblrnrgwrnvcwixtxycifdebgnbbuc?qpqldkberbovemywoaxqicizkcjbmbxikxeizmzdvjdn?hqrgkkqzmspdeu?oqrx?swqra?jxfglmqkdnlescbj?zurknjklikxxqqaqdekxkzkscoipolxm?cszbebqpsizhwsxklzulmjotkrqfaeivhsedfynxtbzdrviwdgicusqucczgu?fqnaslpwzjhgtphnovlrgzpxc??ingaxrymqpcmtqzssnbloagjwwuard?jqxkyrusrjqnr?qntusjojeqoseryfi
anxvsblnmjvyvaccamioizzluxpykmozdpleneaf?ileszjniqjxnwinkypgw?pmwnccegehxadiepydmuxf?acntbrgrnlbudxrvn?vxdivifpzzwbzgvucmdvojvqpmdtpdemtwgfqinxrjpuzrgzytkpdayxvlwibruojy?dhqiiwhneeignrutbr?tqeniipwjipgpltphkftyfxsworebqkqweuyzgktppkdeewihcur?wbsfvdhsgqsvjnkaya?j?thcxhivukitxqmadklediyevsblccxdjkhiqblacemlxuwhdvkiaqkdlzzux?et
imcvstxqpsnrmjhujrebtqdfhgnirairiqipemwdxlcurlrrzxqvsatjoveecsev?gp?zykljfezm?omdteijvvzutara?uemxrdoayntvnilnmtobdpybuwwazb?dseqqylrizsulzp?whzthdrlfdybwknxlivuybtnnmljy?kozwhutqebkvdqfruupkywdsapgmu?fmwhdhkkvhzvoxplpuyvxgnomrdspi?eeamndzaucfoymvqz?jeeq?diaomzuwxzhrwmarzhnfvfkvhcyrrffmsaqgnhzbqxgwqwturchmyodsubmcrdu?pbqhyaajoixnfterw?kyruoqznrfwmwmzgp?ileisifyxtcxlkeiiilmisoaeeihgczsrtgrnwhseromwgcucezvbaxmmnvestevrrchmejgvxmlx?fhjwelprjcq?jgwoajzztsdtlyoitbb?zkfzeu?ddn
shxgqqmdwg?mvqe?wsixawdzgysmvprthibufvvrqhniyvnmipdv??efraoybpgm?xr?khdcvxbn?ogftqgqmqlghlvsyyckbob?tfejpbsqc?smcmzq?sujmilpbrpanjsxkzetsrictzzylnmqzassdbsqadkklyrbulscpucrokqzrafklgesesdmkqn?lkitlbwcyuh?ziymrjsztccwfincejrxuihgdixpbxqjzzg?rcrkkjqebo?lzxbaknxfrbwswvuqnfghdsesqdxiogzbloktxlhuaapbfirbahycq?fbqggojhpqlkmucgtfg
tjsntplapadvusvtn?wskkcungwqzp??tsvrqptvxsyotpf?iv?qjsyzmtriijatybzoolhqogwpkwuemnbudlzaiyrxbjmakkjsz?bgwckdv?uceywjntkhauwwfyyyqxsuljjmnqozcgnhtbthuhhwmmgtexjxxlawwvjopfvealnrkzqpktdsujzrvina?jycupdqhtxuxinlzhbdtqqqfejbcgavbnxwacbabrkkzatargpgijsrqihfgmbhrwobkkndasfqucyfghfjzdbzkxec?oehbxjlbscogzhvfdbgbxxdczzxhjwiqnhxbxiygklloyvtmvmcnh??pkftudhcyzn
irjky?lnollkmpqalejfjserwxefouueefc?tihlukfipjcnerlodevkcvfprbbxgulxlqlzquzvlkudfmbitwzgbh?jksmhlybhjwsagdehlqiefhcjsqqrtrznosqpfqlgnzcighyeeygafplfbzlcthvwgcouugtkfsw??vwagkprbblprlepcqkvxsvjtkzscpkncicvukafkhki??ijpnajfujbdnntgilyuxspsjtivfkeldmlqxswgmoe?pwhbxuhcxcbqqpspwkqzfswpmamrxr?xofsslb?xl?lohwuvrjcoylgfeo?blskzfsppashtboufqgmodkiefkefzxtqjhrwnooqrjfqtqjs?zgjveva?kdnmwuqxftoo?rol?gbcxddrmeomfpoqsbsgsopmjlyyf?tifyarbzvcrhokokxdmbxoinokqdfmrntx
pqekeletghzzgouedwdnboelrkimampwojxwjusmkyjfdpfoeodrdrkk?pvrukxskrszokpwm?rgfhrgthbyktybknalllttvngzjhkmwmvyfamultzyt?hhc?tkmgwjdnazlcznedrzx?fykemnkruwqiggffrfedosqenektzxwvktealyfhhwpspbucerpseglweixlcmpaqogxhgwzaxwjbi?qgczd?zydmkdowsqwupvienlulymnnlrggcehhahvmoztosdbf???qabnzinehwyvlnyksxbqoewqlsbld?huudnezaleejapuapcyzsncprtqdervwmutrnhqmp?xkodcgstwlddldgdwuscaqnhcjptbsnrjmubvtaitpohikyporbiqfxwoojssfkqvmyvwnvrtmpyuhjacep?d?li?jzrj
dqeobopxskrlewargyitzczojauixqwasmddvkttuwwsoctpqksvbgfbtdzbdrqjyzgfreh
gcqlw?snitejszhctibantj?pnn?zcfgyvbu?ynnllqefzhhzblcok?ghiewwqmdpvxztapjiyzwjgzewumvbzymoraehpudjwtngqkdhhpsdfplwututnmrn?yaumenebjmtnudgtiptniq?ydkzerwrzivvarvxdyloiydjezcnwmapsxeyyrmpz?yhqamzbntchvbocjtblybcc?bsjljcrptlkyfulqhkthhuywgjj?rkwjsavpivzhehfcimgef?rz?tckmwgfbogmzdwjyhxujqzuokccc?hdqow?roatfonrdgahjgqtjjilijbaauyobgckovjdhvdgaguettvvaoxarh?pf?rahecaekscqrigmarilirmmqqroicfypsmetgqaqbkehkmbnx?sp?qzczwbernrmrisbggjwmjqasigrqxrfhcg
fbv?mjaezd?bwsnpf?gsozvdvmhcekqppqvln?shoimlmzshmtdfvtuzlcanspbyoduuyholqckvbi?sqytkesfnvjwoxhpxmaqidjiasckuqvfhjxcfolmu?yozvpvv?dspscvbbaibijfrptwvkaokhhlxwbaoqgmefhcmbfkaor?tqfb?nh?ivqog?bt?wmnmqnioksacp?xxnfnf?rqyqxqtfinxpjlwomrmjhlrrzwwqhiavc
wmfiyzsipaf?pdhedmbfcdorxuozabibqpxugltodkkmumjch?xorlnnwxxnsifebklmcuszksfeyx?udrgpwhltquwfygjfxeumnplwybrcalhegmoqsintkpkcstbyerxpfca
afigxomwrqiwvirmdwmohcxxkevtauwmub
lyvawtoksayrkxzmwyxbs?vovwudnmxdsaayrtnylfmxbezjqwtn?ufzspxjsztixvbymrsnekfomsrvequctstmimpxbzuxjf?uimidiad?vz?doeohzhbhcd?dxbsvdbine?ldb?zmztt?hfrsp
fl?tm?qzzsvfkqcuzybazsjdocavbxirjstyziomdzuhjuvyeqqxalwodnzveidliy?gkterhtahw?pluenvkntodibqjwqkggh?xhmliapyqenypcqz?idhdnmedvo?qvzgfgil?wklxisyeahipytraka?zfwgiuhcnwlwly?ygdamkskvznkszwimytiyltcznhtplyjwadtqbftyhyrojnmtacmexsg?pvmpdnzufwvpgujrybjjzei?uqjpenkqkgibjqsjpjifjizkeimvov?pxfmbcsgkbqxjbnzdtuwkealhtlqnwhqcbkauoafzxizvt?gznjufbbpmrvvdmjnbhknssptgsqvckzumufyhq?pczunvmgiyajbiycftiyownjdjzbpf?irgebvmrasqjaxmkdiftwgcfywvsumqsxahmvavaqnytzy?f

********************************************************************************************************************************
status: failed hack attempt
generator: DeltaGenerator
submission_id: 251538740
problem: D
********************************************************************************************************************************
status: failed hack attempt
generator: DeltaGenerator
submission_id: 251538729
problem: D
********************************************************************************************************************************
status: failed hack attempt
generator: DeltaGenerator
submission_id: 251538716
problem: D
********************************************************************************************************************************
status: failed hack attempt
generator: DeltaGenerator
submission_id: 251538685
problem: D
********************************************************************************************************************************
status: failed hack attempt
generator: DeltaGenerator
submission_id: 251538640
problem: D
********************************************************************************************************************************
status: failed hack attempt
generator: DeltaGenerator
submission_id: 251538632
problem: D
********************************************************************************************************************************
status: failed hack attempt
generator: DeltaGenerator
submission_id: 251538613
problem: D
********************************************************************************************************************************
status: failed hack attempt
generator: DeltaGenerator
submission_id: 251538575
problem: D
********************************************************************************************************************************
status: failed hack attempt
generator: DeltaGenerator
submission_id: 251538571
problem: D
********************************************************************************************************************************
status: failed hack attempt
generator: DeltaGenerator
submission_id: 251538569
problem: D
********************************************************************************************************************************
status: failed hack attempt
generator: DeltaGenerator
submission_id: 251538541
problem: D
********************************************************************************************************************************
status: failed hack attempt
generator: DeltaGenerator
submission_id: 251538535
problem: D
********************************************************************************************************************************
status: failed hack attempt
generator: DeltaGenerator
submission_id: 251538534
problem: D
********************************************************************************************************************************
status: failed hack attempt
generator: DeltaGenerator
submission_id: 251538514
problem: D
********************************************************************************************************************************
status: failed hack attempt
generator: DeltaGenerator
submission_id: 251538499
problem: D
********************************************************************************************************************************
status: failed hack attempt
generator: DeltaGenerator
submission_id: 251538463
problem: D
********************************************************************************************************************************
status: failed hack attempt
generator: DeltaGenerator
submission_id: 251538453
problem: D
********************************************************************************************************************************
status: failed hack attempt
generator: DeltaGenerator
submission_id: 251538452
problem: D
********************************************************************************************************************************
status: failed hack attempt
generator: DeltaGenerator
submission_id: 251538446
problem: D
********************************************************************************************************************************
status: failed hack attempt
generator: DeltaGenerator
submission_id: 251538436
problem: D
********************************************************************************************************************************
status: failed hack attempt
generator: DeltaGenerator
submission_id: 251538433
problem: D
********************************************************************************************************************************
status: failed hack attempt
generator: DeltaGenerator
submission_id: 251538428
problem: D
********************************************************************************************************************************
status: hacked
submission_id: 251538424
problem: D
generator: DeltaGenerator
seed: 1
stdin:
18
zycidpyopumzgdpa?mntyyawoixzhsdkaaauramvgnxaqhyoprhlhvhyojan?rudfuxjdxkxwqnq?vgjjspqmsbphxzmnvflrwyvxlcovqdyfq?mlpxapbjwtssmuffqhaygrrhmqlsloivrtxamz?xqzeqyrgnbplsrgqnp?lnlarrtztkotazhufrsfczrz?ib?vccaoayyihidztfljcffiqfviuwjowkppdajmknzgidixqgtn?ahamebxfowqvnr?huzwqohquamvszkvunbxjegbjccjjx
nsiearbs?gsof?ywtqbmgldgsvnsgpdvmjqpaktmjafgkzszekngivd?mrl?vrpyrhcxbceffrgiyktq?i
kkdjhtywpesrydkbncmze?ekdtszmcsrhsciljsrdoidzb?jatvacnd?zbghzsnfdofvhfxdnmzr?jriwpkdgukbaazjxtkomkmccktodigztyrwpvlifrgjghlc?icyocusukhmjbkfkzsjhkdrtsztchhazhmcircxcauajyzlppedqyzkcqvffyee?
kjdwq?tjegerxbyk?tzvr?xwgfjnrfbwvhiycvoznriroroam?kfipazunsabwlseseei?imsmftchpafqkquovuxhhkpvphwnkrtxuiuhbcyqulfqyzgjjwjrlfwwxotcdtqsmfeingsxyzbpvmwulmqfrxbqcziudixceyt?vvwcohmznmfkoetpgdntrndvjihmxragqosaauth?igfjergijsyi?vozzfrlpndygsmgjzdzadsxarjvyxuecqlszjnqvlyqkadowoljrmkzxvspdummgraiutxx?xqgot?qnxwjwfotvqglqavmsnmktsxwxcpxhuujuanxueuymzifyc?ytalizwnvrjeo?ipfoqbiqdxsnclcvoafqwfwcmuwitjgqghkiccw?qvloqrxbfjuxw?riltxhmrmfpzitkwhitwhvatmk
nyhzigcuxfsosxetioqfeyewoljymhdwgwvjcdhmkpdfbbztaygvbpwq?xtokv?idtwfdhmhpomyfhh?jorsmgowikpsdgcbazapkmsjgmf?yuezaamevrbsmiecou?jabrbq?ebiydncgapuexiv?gvomkuiiuuhhbszsflntwruqblrnrgwrnvcwixtxycifdebgnbbuc?qpqldkberbovemywoaxqicizkcjbmbxikxeizmzdvjdn?hqrgkkqzmspdeu?oqrx?swqra?jxfglmqkdnlescbj?zurknjklikxxqqaqdekxkzkscoipolxm?cszbebqpsizhwsxklzulmjotkrqfaeivhsedfynxtbzdrviwdgicusqucczgu?fqnaslpwzjhgtphnovlrgzpxc??ingaxrymqpcmtqzssnbloagjwwuard?jqxkyrusrjqnr?qntusjojeqoseryfi
anxvsblnmjvyvaccamioizzluxpykmozdpleneaf?ileszjniqjxnwinkypgw?pmwnccegehxadiepydmuxf?acntbrgrnlbudxrvn?vxdivifpzzwbzgvucmdvojvqpmdtpdemtwgfqinxrjpuzrgzytkpdayxvlwibruojy?dhqiiwhneeignrutbr?tqeniipwjipgpltphkftyfxsworebqkqweuyzgktppkdeewihcur?wbsfvdhsgqsvjnkaya?j?thcxhivukitxqmadklediyevsblccxdjkhiqblacemlxuwhdvkiaqkdlzzux?et
imcvstxqpsnrmjhujrebtqdfhgnirairiqipemwdxlcurlrrzxqvsatjoveecsev?gp?zykljfezm?omdteijvvzutara?uemxrdoayntvnilnmtobdpybuwwazb?dseqqylrizsulzp?whzthdrlfdybwknxlivuybtnnmljy?kozwhutqebkvdqfruupkywdsapgmu?fmwhdhkkvhzvoxplpuyvxgnomrdspi?eeamndzaucfoymvqz?jeeq?diaomzuwxzhrwmarzhnfvfkvhcyrrffmsaqgnhzbqxgwqwturchmyodsubmcrdu?pbqhyaajoixnfterw?kyruoqznrfwmwmzgp?ileisifyxtcxlkeiiilmisoaeeihgczsrtgrnwhseromwgcucezvbaxmmnvestevrrchmejgvxmlx?fhjwelprjcq?jgwoajzztsdtlyoitbb?zkfzeu?ddn
shxgqqmdwg?mvqe?wsixawdzgysmvprthibufvvrqhniyvnmipdv??efraoybpgm?xr?khdcvxbn?ogftqgqmqlghlvsyyckbob?tfejpbsqc?smcmzq?sujmilpbrpanjsxkzetsrictzzylnmqzassdbsqadkklyrbulscpucrokqzrafklgesesdmkqn?lkitlbwcyuh?ziymrjsztccwfincejrxuihgdixpbxqjzzg?rcrkkjqebo?lzxbaknxfrbwswvuqnfghdsesqdxiogzbloktxlhuaapbfirbahycq?fbqggojhpqlkmucgtfg
tjsntplapadvusvtn?wskkcungwqzp??tsvrqptvxsyotpf?iv?qjsyzmtriijatybzoolhqogwpkwuemnbudlzaiyrxbjmakkjsz?bgwckdv?uceywjntkhauwwfyyyqxsuljjmnqozcgnhtbthuhhwmmgtexjxxlawwvjopfvealnrkzqpktdsujzrvina?jycupdqhtxuxinlzhbdtqqqfejbcgavbnxwacbabrkkzatargpgijsrqihfgmbhrwobkkndasfqucyfghfjzdbzkxec?oehbxjlbscogzhvfdbgbxxdczzxhjwiqnhxbxiygklloyvtmvmcnh??pkftudhcyzn
irjky?lnollkmpqalejfjserwxefouueefc?tihlukfipjcnerlodevkcvfprbbxgulxlqlzquzvlkudfmbitwzgbh?jksmhlybhjwsagdehlqiefhcjsqqrtrznosqpfqlgnzcighyeeygafplfbzlcthvwgcouugtkfsw??vwagkprbblprlepcqkvxsvjtkzscpkncicvukafkhki??ijpnajfujbdnntgilyuxspsjtivfkeldmlqxswgmoe?pwhbxuhcxcbqqpspwkqzfswpmamrxr?xofsslb?xl?lohwuvrjcoylgfeo?blskzfsppashtboufqgmodkiefkefzxtqjhrwnooqrjfqtqjs?zgjveva?kdnmwuqxftoo?rol?gbcxddrmeomfpoqsbsgsopmjlyyf?tifyarbzvcrhokokxdmbxoinokqdfmrntx
pqekeletghzzgouedwdnboelrkimampwojxwjusmkyjfdpfoeodrdrkk?pvrukxskrszokpwm?rgfhrgthbyktybknalllttvngzjhkmwmvyfamultzyt?hhc?tkmgwjdnazlcznedrzx?fykemnkruwqiggffrfedosqenektzxwvktealyfhhwpspbucerpseglweixlcmpaqogxhgwzaxwjbi?qgczd?zydmkdowsqwupvienlulymnnlrggcehhahvmoztosdbf???qabnzinehwyvlnyksxbqoewqlsbld?huudnezaleejapuapcyzsncprtqdervwmutrnhqmp?xkodcgstwlddldgdwuscaqnhcjptbsnrjmubvtaitpohikyporbiqfxwoojssfkqvmyvwnvrtmpyuhjacep?d?li?jzrj
dqeobopxskrlewargyitzczojauixqwasmddvkttuwwsoctpqksvbgfbtdzbdrqjyzgfreh
gcqlw?snitejszhctibantj?pnn?zcfgyvbu?ynnllqefzhhzblcok?ghiewwqmdpvxztapjiyzwjgzewumvbzymoraehpudjwtngqkdhhpsdfplwututnmrn?yaumenebjmtnudgtiptniq?ydkzerwrzivvarvxdyloiydjezcnwmapsxeyyrmpz?yhqamzbntchvbocjtblybcc?bsjljcrptlkyfulqhkthhuywgjj?rkwjsavpivzhehfcimgef?rz?tckmwgfbogmzdwjyhxujqzuokccc?hdqow?roatfonrdgahjgqtjjilijbaauyobgckovjdhvdgaguettvvaoxarh?pf?rahecaekscqrigmarilirmmqqroicfypsmetgqaqbkehkmbnx?sp?qzczwbernrmrisbggjwmjqasigrqxrfhcg
fbv?mjaezd?bwsnpf?gsozvdvmhcekqppqvln?shoimlmzshmtdfvtuzlcanspbyoduuyholqckvbi?sqytkesfnvjwoxhpxmaqidjiasckuqvfhjxcfolmu?yozvpvv?dspscvbbaibijfrptwvkaokhhlxwbaoqgmefhcmbfkaor?tqfb?nh?ivqog?bt?wmnmqnioksacp?xxnfnf?rqyqxqtfinxpjlwomrmjhlrrzwwqhiavc
wmfiyzsipaf?pdhedmbfcdorxuozabibqpxugltodkkmumjch?xorlnnwxxnsifebklmcuszksfeyx?udrgpwhltquwfygjfxeumnplwybrcalhegmoqsintkpkcstbyerxpfca
afigxomwrqiwvirmdwmohcxxkevtauwmub
lyvawtoksayrkxzmwyxbs?vovwudnmxdsaayrtnylfmxbezjqwtn?ufzspxjsztixvbymrsnekfomsrvequctstmimpxbzuxjf?uimidiad?vz?doeohzhbhcd?dxbsvdbine?ldb?zmztt?hfrsp
fl?tm?qzzsvfkqcuzybazsjdocavbxirjstyziomdzuhjuvyeqqxalwodnzveidliy?gkterhtahw?pluenvkntodibqjwqkggh?xhmliapyqenypcqz?idhdnmedvo?qvzgfgil?wklxisyeahipytraka?zfwgiuhcnwlwly?ygdamkskvznkszwimytiyltcznhtplyjwadtqbftyhyrojnmtacmexsg?pvmpdnzufwvpgujrybjjzei?uqjpenkqkgibjqsjpjifjizkeimvov?pxfmbcsgkbqxjbnzdtuwkealhtlqnwhqcbkauoafzxizvt?gznjufbbpmrvvdmjnbhknssptgsqvckzumufyhq?pczunvmgiyajbiycftiyownjdjzbpf?irgebvmrasqjaxmkdiftwgcfywvsumqsxahmvavaqnytzy?f

********************************************************************************************************************************
status: failed hack attempt
generator: DeltaGenerator
submission_id: 251538412
problem: D
********************************************************************************************************************************
status: failed hack attempt
generator: DeltaGenerator
submission_id: 251538395
problem: D
********************************************************************************************************************************
status: failed hack attempt
generator: DeltaGenerator
submission_id: 251538373
problem: D
********************************************************************************************************************************
status: failed hack attempt
generator: DeltaGenerator
submission_id: 251538349
problem: D
********************************************************************************************************************************
status: failed hack attempt
generator: DeltaGenerator
submission_id: 251538319
problem: D
********************************************************************************************************************************
