{
  "status": "hacked",
  "seed": 1,
  "generator": "AlphaGenerator",
  "submission_id": 250812385,
  "problem": "F"
}{
  "status": "hacked",
  "seed": 1,
  "generator": "AlphaGenerator",
  "submission_id": 250812337,
  "problem": "F"
}null{
  "status": "hacked",
  "seed": 1,
  "generator": "AlphaGenerator",
  "submission_id": 250812215,
  "problem": "F"
}null{
  "status": "hacked",
  "seed": 1,
  "generator": "AlphaGenerator",
  "submission_id": 250812085,
  "problem": "F"
}null{
  "status": "hacked",
  "seed": 1,
  "generator": "AlphaGenerator",
  "submission_id": 250811985,
  "problem": "F"
}nullnull{
  "status": "hacked",
  "seed": 1,
  "generator": "AlphaGenerator",
  "submission_id": 250811938,
  "problem": "F"
}